<?xml version="1.0" encoding="utf-8"?>
<!DOCTYPE hibernate-configuration PUBLIC
	"-//Hibernate/Hibernate Configuration DTD 3.0//EN"
	"http://hibernate.sourceforge.net/hibernate-configuration-3.0.dtd">

<hibernate-configuration>
	<session-factory>
		<mapping resource="hl7Out.hbm.xml" />
		<mapping resource="InstProv.hbm.xml" />
		<mapping resource="NPI.hbm.xml" />
		<mapping resource="PatientMessage.hbm.xml" />
	</session-factory>
</hibernate-configuration>
